============================= test session starts ==============================
platform darwin -- Python 3.10.11, pytest-8.3.4, pluggy-1.6.0 -- /Users/darrellsatriano/UNSRI/PROGRAM/Dart/Finpro/Final-Project-Mobile-Development-GDGoC-Unsri/campusflow/backend/.venv/bin/python
cachedir: .pytest_cache
rootdir: /Users/darrellsatriano/UNSRI/PROGRAM/Dart/Finpro/Final-Project-Mobile-Development-GDGoC-Unsri/campusflow/backend
configfile: pytest.ini
testpaths: tests
plugins: asyncio-0.25.0, anyio-4.7.0
asyncio: mode=auto, asyncio_default_fixture_loop_scope=function
collecting ... collected 73 items
tests/test_ai_adjust.py::test_adjust_without_active_plan_returns_404 PASSED [  1%]
tests/test_ai_adjust.py::test_adjust_falls_back_to_old_plan_when_groq_unavailable PASSED [  2%]
tests/test_ai_adjust.py::test_adjust_uses_latest_plan_row PASSED         [  4%]
tests/test_ai_adjust.py::test_adjust_requires_auth PASSED                [  5%]
tests/test_ai_chat.py::test_clip_leaves_short_reply_untouched PASSED     [  6%]
tests/test_ai_chat.py::test_clip_truncates_long_reply_at_word_boundary PASSED [  8%]
tests/test_ai_chat.py::test_chat_message_is_stored_and_replied PASSED    [  9%]
tests/test_ai_chat.py::test_chat_history_ordered PASSED                  [ 10%]
tests/test_ai_chat.py::test_chat_history_empty_by_default PASSED         [ 12%]
tests/test_ai_chat.py::test_delete_chat_history_clears_all PASSED        [ 13%]
tests/test_ai_chat.py::test_chat_requires_auth PASSED                    [ 15%]
tests/test_ai_chat.py::test_plan_from_chat_uses_heuristic_and_archives PASSED [ 16%]
tests/test_ai_extract_tasks.py::test_extract_tasks_empty_when_no_history PASSED [ 17%]
tests/test_ai_extract_tasks.py::test_extract_tasks_endpoint_empty_when_groq_unavailable PASSED [ 19%]
tests/test_ai_extract_tasks.py::test_extract_tasks_requires_auth PASSED  [ 20%]
tests/test_ai_extract_tasks.py::test_confirm_tasks_creates_course_and_task PASSED [ 21%]
tests/test_ai_extract_tasks.py::test_confirm_tasks_reuses_existing_course_case_insensitive PASSED [ 23%]
tests/test_ai_extract_tasks.py::test_confirm_tasks_requires_auth PASSED  [ 24%]
tests/test_ai_extract_tasks.py::test_confirm_tasks_rejects_empty_list PASSED [ 26%]
tests/test_ai_plan.py::test_done_task_scores_zero PASSED                 [ 27%]
tests/test_ai_plan.py::test_closer_deadline_scores_higher PASSED         [ 28%]
tests/test_ai_plan.py::test_harder_task_scores_higher_at_same_deadline PASSED [ 30%]
tests/test_ai_plan.py::test_exam_outranks_quiz PASSED                    [ 31%]
tests/test_ai_plan.py::test_progress_reduces_score PASSED                [ 32%]
tests/test_ai_plan.py::test_task_without_due_date_still_scored PASSED    [ 34%]
tests/test_ai_plan.py::test_score_is_bounded PASSED                      [ 35%]
tests/test_ai_plan.py::test_priority_labels PASSED                       [ 36%]
tests/test_ai_plan.py::test_rank_tasks_excludes_done_and_sorts PASSED    [ 38%]
tests/test_ai_plan.py::test_heuristic_plan_respects_time_budget PASSED   [ 39%]
tests/test_ai_plan.py::test_heuristic_plan_starts_at_requested_hour PASSED [ 41%]
tests/test_ai_plan.py::test_heuristic_plan_inherits_course_color PASSED  [ 42%]
tests/test_ai_plan.py::test_no_open_tasks_gives_empty_plan PASSED        [ 43%]
tests/test_ai_plan.py::test_plan_endpoint_end_to_end PASSED              [ 45%]
tests/test_ai_plan.py::test_plan_requires_auth PASSED                    [ 46%]
tests/test_ai_plan.py::test_plan_is_archived PASSED                      [ 47%]
tests/test_auth.py::test_register_returns_token_pair PASSED              [ 49%]
tests/test_auth.py::test_password_is_not_stored_in_plaintext PASSED      [ 50%]
tests/test_auth.py::test_duplicate_email_rejected PASSED                 [ 52%]
tests/test_auth.py::test_login_wrong_password PASSED                     [ 53%]
tests/test_auth.py::test_refresh_token_issues_new_access_token PASSED    [ 54%]
tests/test_auth.py::test_access_token_cannot_be_used_as_refresh PASSED   [ 56%]
tests/test_auth.py::test_protected_route_requires_token PASSED           [ 57%]
tests/test_auth.py::test_get_me_returns_current_user PASSED              [ 58%]
tests/test_auth.py::test_get_me_requires_auth PASSED                     [ 60%]
tests/test_auth.py::test_update_profile_changes_name PASSED              [ 61%]
tests/test_auth.py::test_update_profile_changes_email PASSED             [ 63%]
tests/test_auth.py::test_update_profile_email_conflict_rejected PASSED   [ 64%]
tests/test_auth.py::test_register_rejects_weak_password PASSED           [ 65%]
tests/test_auth.py::test_register_rejects_password_without_special_char PASSED [ 67%]
tests/test_auth.py::test_register_accepts_strong_password PASSED         [ 68%]
tests/test_auth.py::test_change_password_with_wrong_current_password_rejected PASSED [ 69%]
tests/test_auth.py::test_change_password_then_login_with_new_password PASSED [ 71%]
tests/test_materials.py::test_upload_rejects_non_pdf PASSED              [ 72%]
tests/test_materials.py::test_upload_pdf_succeeds PASSED                 [ 73%]
tests/test_materials.py::test_upload_with_course_id PASSED               [ 75%]
tests/test_materials.py::test_upload_rejects_oversized_file PASSED       [ 76%]
tests/test_materials.py::test_list_materials_only_own PASSED             [ 78%]
tests/test_materials.py::test_get_material_not_found_for_other_user PASSED [ 79%]
tests/test_materials.py::test_get_material_not_found_for_bad_id PASSED   [ 80%]
tests/test_materials.py::test_summarize_material_with_no_extractable_text PASSED [ 82%]
tests/test_materials.py::test_quiz_material_heuristic_fallback PASSED    [ 83%]
tests/test_materials.py::test_summarize_requires_owned_material PASSED   [ 84%]
tests/test_materials.py::test_materials_require_auth PASSED              [ 86%]
tests/test_study_sessions.py::test_session_lifecycle PASSED              [ 87%]
tests/test_study_sessions.py::test_invalid_feedback_rejected PASSED      [ 89%]
tests/test_study_sessions.py::test_complete_unknown_session PASSED       [ 90%]
tests/test_tasks.py::test_course_crud PASSED                             [ 91%]
tests/test_tasks.py::test_invalid_hex_color_rejected PASSED              [ 93%]
tests/test_tasks.py::test_create_task_and_priority_label PASSED          [ 94%]
tests/test_tasks.py::test_task_filter_by_status PASSED                   [ 95%]
tests/test_tasks.py::test_marking_done_sets_progress_100 PASSED          [ 97%]
tests/test_tasks.py::test_cannot_touch_other_users_task PASSED           [ 98%]
tests/test_tasks.py::test_task_with_foreign_course_rejected PASSED       [100%]
============================= 73 passed in 10.38s ==============================
